FUNCTION  <SNR>1_LoadFTPlugin()
    Defined: /usr/local/share/nvim/runtime/ftplugin.vim:15
Called 2 times
Total time:   0.003038
 Self time:   0.003038

count  total (s)   self (s)
    2              0.000021     if exists("b:undo_ftplugin")
                                  exe b:undo_ftplugin
                                  unlet! b:undo_ftplugin b:did_ftplugin
    2              0.000002     endif
                            
    2              0.000016     let s = expand("<amatch>")
    2              0.000006     if s != ""
    2              0.000011       if &cpo =~# "S" && exists("b:did_ftplugin")
                            	" In compatible mode options are reset to the global values, need to
                            	" set the local values also when a plugin was already used.
                            	unlet b:did_ftplugin
    2              0.000001       endif
                            
                                  " When there is a dot it is used to separate filetype names.  Thus for
                                  " "aaa.bbb" load "aaa" and then "bbb".
    4              0.000017       for name in split(s, '\.')
                                    " Load Lua ftplugins after Vim ftplugins _per directory_
                                    " TODO(clason): use nvim__get_runtime when supports globs and modeline
                                    " XXX: "[.]" in the first pattern makes it a wildcard on Windows
    2              0.002929         exe $'runtime! ftplugin/{name}[.]{{vim,lua}} ftplugin/{name}_*.{{vim,lua}} ftplugin/{name}/*.{{vim,lua}}'
    4              0.000007       endfor
    2              0.000002     endif

FUNCTION  <SNR>11_SynSet()
    Defined: /usr/local/share/nvim/runtime/syntax/synload.vim:27
Called 2 times
Total time:   0.002257
 Self time:   0.002257

count  total (s)   self (s)
                              " clear syntax for :set syntax=OFF  and any syntax name that doesn't exist
    2              0.000010   syn clear
    2              0.000003   if exists("b:current_syntax")
                                unlet b:current_syntax
    2              0.000001   endif
                            
    2              0.000005   0verbose let s = expand("<amatch>")
    2              0.000002   if s == "ON"
                                " :set syntax=ON
                                if &filetype == ""
                                  echohl ErrorMsg
                                  echo "filetype unknown"
                                  echohl None
                                endif
                                let s = &filetype
    2              0.000002   elseif s == "OFF"
                                let s = ""
    2              0.000001   endif
                            
    2              0.000001   if s != ""
                                " Load the syntax file(s).  When there are several, separated by dots,
                                " load each in sequence.  Skip empty entries.
    4              0.000007     for name in split(s, '\.')
    2              0.000004       if !empty(name)
                                    " XXX: "[.]" in the first pattern makes it a wildcard on Windows
    2              0.002169         exe $'runtime! syntax/{name}[.]{{vim,lua}} syntax/{name}/*.{{vim,lua}}'
    2              0.000002       endif
    4              0.000002     endfor
    2              0.000022   endif

FUNCTION  <SNR>2_LoadIndent()
    Defined: /usr/local/share/nvim/runtime/indent.vim:14
Called 2 times
Total time:   0.000785
 Self time:   0.000785

count  total (s)   self (s)
    2              0.000006     if exists("b:undo_indent")
                                  exe b:undo_indent
                                  unlet! b:undo_indent b:did_indent
    2              0.000001     endif
    2              0.000005     let s = expand("<amatch>")
    2              0.000003     if s != ""
    2              0.000002       if exists("b:did_indent")
                            	unlet b:did_indent
    2              0.000001       endif
                            
                                  " When there is a dot it is used to separate filetype names.  Thus for
                                  " "aaa.bbb" load "indent/aaa.vim" and then "indent/bbb.vim".
    4              0.000009       for name in split(s, '\.')
                                    " XXX: "[.]" in the pattern makes it a wildcard on Windows
    2              0.000741         exe $'runtime! indent/{name}[.]{{vim,lua}}'
    4              0.000003       endfor
    2              0.000001     endif

FUNCTIONS SORTED ON TOTAL TIME
count  total (s)   self (s)  function
    2   0.003038             <SNR>1_LoadFTPlugin()
    2   0.002257             <SNR>11_SynSet()
    2   0.000785             <SNR>2_LoadIndent()

FUNCTIONS SORTED ON SELF TIME
count  total (s)   self (s)  function
    2              0.003038  <SNR>1_LoadFTPlugin()
    2              0.002257  <SNR>11_SynSet()
    2              0.000785  <SNR>2_LoadIndent()

