--- Startup times for process: Primary/TUI ---

times in msec
 clock   self+sourced   self:  sourced script
 clock   elapsed:              other lines

000.002  000.002: --- NVIM STARTING ---
000.102  000.101: event init
000.262  000.160: early init
001.274  001.012: locale set
001.334  000.060: init first window
012.564  011.230: inits 1
012.575  000.011: window checked
012.587  000.012: parsing arguments
013.148  000.049  000.049: require('vim.shared')
013.226  000.035  000.035: require('vim.inspect')
013.271  000.032  000.032: require('vim._options')
013.273  000.121  000.053: require('vim._editor')
013.274  000.212  000.042: require('vim._init_packages')
013.277  000.478: init lua interpreter
013.773  000.496: --- NVIM STARTED ---

--- Startup times for process: Embedded ---

times in msec
 clock   self+sourced   self:  sourced script
 clock   elapsed:              other lines

000.000  000.000: --- NVIM STARTING ---
000.051  000.051: event init
000.144  000.092: early init
000.536  000.392: locale set
000.581  000.045: init first window
000.880  000.299: inits 1
000.893  000.013: window checked
000.898  000.005: parsing arguments
001.340  000.036  000.036: require('vim.shared')
001.410  000.030  000.030: require('vim.inspect')
001.450  000.030  000.030: require('vim._options')
001.451  000.109  000.048: require('vim._editor')
001.453  000.170  000.025: require('vim._init_packages')
001.454  000.386: init lua interpreter
002.952  001.498: expanding arguments
002.962  000.009: inits 2
003.155  000.194: init highlight
003.156  000.001: waiting for UI
003.255  000.099: done waiting for UI
003.260  000.005: clear screen
003.326  000.006  000.006: require('vim.keymap')
003.962  000.701  000.695: require('vim._defaults')
003.963  000.003: init default mappings & autocommands
004.498  000.240  000.240: sourcing /usr/local/share/nvim/runtime/ftplugin.vim
004.677  000.126  000.126: sourcing /usr/local/share/nvim/runtime/indent.vim
004.688  000.358: sourcing vimrc file(s)
004.996  000.243  000.243: sourcing /usr/local/share/nvim/runtime/filetype.lua
005.492  000.223  000.223: sourcing /usr/local/share/nvim/runtime/syntax/synload.vim
005.582  000.523  000.300: sourcing /usr/local/share/nvim/runtime/syntax/syntax.vim
006.556  000.244  000.244: sourcing /usr/local/share/nvim/runtime/plugin/gzip.vim
007.384  000.277  000.277: sourcing /usr/local/share/nvim/runtime/pack/dist/opt/matchit/plugin/matchit.vim
007.418  000.818  000.541: sourcing /usr/local/share/nvim/runtime/plugin/matchit.vim
007.670  000.208  000.208: sourcing /usr/local/share/nvim/runtime/plugin/matchparen.vim
008.036  000.322  000.322: sourcing /usr/local/share/nvim/runtime/plugin/netrwPlugin.vim
008.167  000.080  000.080: sourcing /usr/local/share/nvim/runtime/plugin/rplugin.vim
008.287  000.072  000.072: sourcing /usr/local/share/nvim/runtime/plugin/shada.vim
008.385  000.050  000.050: sourcing /usr/local/share/nvim/runtime/plugin/spellfile.vim
008.520  000.086  000.086: sourcing /usr/local/share/nvim/runtime/plugin/tarPlugin.vim
008.621  000.054  000.054: sourcing /usr/local/share/nvim/runtime/plugin/tutor.vim
008.775  000.105  000.105: sourcing /usr/local/share/nvim/runtime/plugin/zipPlugin.vim
008.885  000.062  000.062: sourcing /usr/local/share/nvim/runtime/plugin/editorconfig.lua
009.012  000.079  000.079: sourcing /usr/local/share/nvim/runtime/plugin/man.lua
009.132  000.073  000.073: sourcing /usr/local/share/nvim/runtime/plugin/osc52.lua
009.254  000.075  000.075: sourcing /usr/local/share/nvim/runtime/plugin/tohtml.lua
009.278  001.496: loading rtp plugins
009.369  000.091: loading packages
009.579  000.210: loading after plugins
009.584  000.006: inits 3
009.587  000.003: reading ShaDa
009.641  000.053: opening buffers
009.652  000.012: BufEnter autocommands
009.654  000.001: editing files in windows
009.742  000.089: VimEnter autocommands
009.744  000.002: UIEnter autocommands
009.745  000.001: before starting main loop
009.963  000.218: first screen update
009.965  000.001: --- NVIM STARTED ---

--- Startup times for process: Primary/TUI ---

times in msec
 clock   self+sourced   self:  sourced script
 clock   elapsed:              other lines

000.002  000.002: --- NVIM STARTING ---
000.091  000.090: event init
000.233  000.141: early init
000.811  000.579: locale set
000.848  000.037: init first window
010.408  009.559: inits 1
010.415  000.007: window checked
010.419  000.004: parsing arguments
010.873  000.041  000.041: require('vim.shared')
010.950  000.034  000.034: require('vim.inspect')
010.993  000.032  000.032: require('vim._options')
010.995  000.119  000.053: require('vim._editor')
010.997  000.213  000.054: require('vim._init_packages')
010.998  000.366: init lua interpreter
011.304  000.306: --- NVIM STARTED ---

--- Startup times for process: Embedded ---

times in msec
 clock   self+sourced   self:  sourced script
 clock   elapsed:              other lines

000.000  000.000: --- NVIM STARTING ---
000.053  000.053: event init
000.152  000.099: early init
000.549  000.397: locale set
000.578  000.029: init first window
000.956  000.377: inits 1
000.974  000.018: window checked
000.978  000.004: parsing arguments
001.383  000.035  000.035: require('vim.shared')
001.452  000.030  000.030: require('vim.inspect')
001.491  000.028  000.028: require('vim._options')
001.492  000.107  000.049: require('vim._editor')
001.494  000.185  000.043: require('vim._init_packages')
001.495  000.333: init lua interpreter
003.114  001.619: expanding arguments
003.126  000.012: inits 2
003.342  000.217: init highlight
003.343  000.001: waiting for UI
003.461  000.118: done waiting for UI
003.467  000.006: clear screen
003.553  000.010  000.010: require('vim.keymap')
004.200  000.729  000.719: require('vim._defaults')
004.202  000.006: init default mappings & autocommands
004.689  000.053  000.053: sourcing /usr/local/share/nvim/runtime/ftplugin.vim
004.776  000.025  000.025: sourcing /usr/local/share/nvim/runtime/indent.vim
005.141  000.221  000.221: require('config.initial')
005.634  000.490  000.490: require('config.autocmd')
005.829  000.194  000.194: require('config.command')
007.386  001.465  001.465: require('vim.filetype')
007.829  001.999  000.533: require('config.filetype')
008.548  000.717  000.717: require('config.keymaps')
009.997  000.005  000.005: require('vim.F')
010.028  001.092  001.087: require('vim.diagnostic')
010.061  001.511  000.419: require('config.options')
010.469  000.143  000.143: require('lazy')
010.547  000.076  000.076: require('config.plugins.matchup')
010.631  000.083  000.083: require('config.plugins.noice')
010.697  000.063  000.063: require('config.plugins.git-conflict')
010.758  000.060  000.060: require('config.plugins.neogit')
010.819  000.059  000.059: require('config.plugins.spectre')
010.885  000.064  000.064: require('config.plugins.trouble')
010.945  000.058  000.058: require('config.plugins.bufferline')
011.033  000.087  000.087: require('config.plugins.catppuccin')
011.140  000.106  000.106: require('config.plugins.cmp')
011.222  000.080  000.080: require('config.plugins.grug-far')
011.350  000.126  000.126: require('config.plugins.nvim-tree')
011.416  000.065  000.065: require('config.plugins.oil')
011.513  000.096  000.096: require('config.plugins.neoscroll')
011.591  000.076  000.076: require('config.plugins.scrollview')
011.829  000.233  000.233: require('config.plugins.telescope')
011.890  000.059  000.059: require('config.plugins.comment')
011.977  000.086  000.086: require('config.plugins.todos')
012.087  000.109  000.109: require('config.plugins.treesitter')
012.185  000.096  000.096: require('config.plugins.ufo')
012.424  000.237  000.237: require('config.plugins.lsp')
012.510  000.085  000.085: require('config.plugins.lint')
012.630  000.118  000.118: require('config.plugins.conform')
012.689  000.058  000.058: require('config.plugins.no-neck-pain')
012.714  000.014  000.014: require('ffi')
012.776  000.036  000.036: require('vim.fs')
012.913  000.131  000.131: require('vim.uri')
012.923  000.207  000.040: require('vim.loader')
013.110  000.162  000.162: require('lazy.stats')
013.267  000.132  000.132: require('lazy.core.util')
013.443  000.175  000.175: require('lazy.core.config')
013.852  000.231  000.231: require('lazy.core.handler')
014.069  000.069  000.069: require('lazy.pkg')
014.072  000.141  000.072: require('lazy.core.meta')
014.076  000.223  000.081: require('lazy.core.plugin')
014.081  000.637  000.182: require('lazy.core.loader')
014.401  000.078  000.078: require('lazy.core.fragments')
016.517  000.131  000.131: require('lazy.core.handler.keys')
016.608  000.088  000.088: require('lazy.core.handler.event')
016.710  000.100  000.100: require('lazy.core.handler.cmd')
016.781  000.069  000.069: require('lazy.core.handler.ft')
018.458  000.210  000.210: sourcing /usr/local/share/nvim/runtime/filetype.lua
019.168  000.548  000.548: require('catppuccin')
019.407  000.088  000.088: require('catppuccin.lib.hashing')
019.475  000.066  000.066: require('catppuccin.palettes')
019.536  000.059  000.059: require('catppuccin.palettes.mocha')
021.310  000.816  000.816: sourcing /Users/asilva/.local/share/nvim/lazy/catppuccin/colors/catppuccin-frappe.vim
022.106  000.124  000.124: require('auto-session.logger')
022.115  000.268  000.144: require('auto-session.lib')
022.210  000.094  000.094: require('auto-session.config')
022.304  000.093  000.093: require('auto-session.autocmds')
022.320  000.831  000.375: require('auto-session')
023.328  000.080  000.080: require('noice.util.lazy')
023.334  000.380  000.301: require('noice')
023.683  000.149  000.149: require('vim.health')
024.114  000.140  000.140: require('noice.util.call')
024.118  000.428  000.287: require('noice.util')
024.121  000.782  000.205: require('noice.health')
024.253  000.123  000.123: require('noice.config')
025.133  000.078  000.078: require('vim.lsp.log')
025.439  000.304  000.304: require('vim.lsp.protocol')
025.624  000.061  000.061: require('vim.highlight')
025.634  000.193  000.133: require('vim.lsp.util')
025.775  000.058  000.058: require('vim.lsp.sync')
025.778  000.143  000.085: require('vim.lsp._changetracking')
025.869  000.090  000.090: require('vim.lsp.rpc')
025.914  001.036  000.227: require('vim.lsp')
025.920  001.261  000.226: require('statuscol.builtin')
026.128  000.109  000.109: require('statuscol.ffidef')
026.151  000.229  000.120: require('statuscol')
026.341  000.117  000.117: require('ufo')
026.581  000.054  000.054: require('ufo.lib.disposable')
026.696  000.114  000.114: require('ufo.lib.log')
026.698  000.269  000.101: require('ufo.lib.event')
026.760  000.062  000.062: require('ufo.utils')
026.997  000.054  000.054: require('promise-async.utils')
027.054  000.056  000.056: require('promise-async.error')
027.112  000.055  000.055: require('promise-async.loop')
027.115  000.285  000.120: require('promise')
027.117  000.356  000.071: require('ufo.provider')
027.309  000.126  000.126: require('ufo.config')
027.436  000.065  000.065: require('promise-async.compat')
027.438  000.128  000.063: require('async')
027.637  000.064  000.064: require('ufo.model.buffer')
027.700  000.062  000.062: require('ufo.model.foldedline')
027.704  000.198  000.072: require('ufo.model.foldbuffer')
027.774  000.069  000.069: require('ufo.bufmanager')
027.889  000.062  000.062: require('ufo.wffi')
027.891  000.116  000.054: require('ufo.fold.driver')
027.893  000.454  000.070: require('ufo.fold.manager')
027.946  000.050  000.050: require('ufo.lib.debounce')
027.951  000.833  000.075: require('ufo.fold')
028.074  000.056  000.056: require('ufo.model.window')
028.189  000.051  000.051: require('ufo.highlight')
028.245  000.055  000.055: require('ufo.render.extmark')
028.619  000.052  000.052: require('vim.treesitter.language')
028.671  000.050  000.050: require('vim.func')
028.722  000.050  000.050: require('vim.func._memoize')
028.731  000.234  000.082: require('vim.treesitter.query')
028.800  000.068  000.068: require('vim.treesitter._range')
028.834  000.412  000.110: require('vim.treesitter.languagetree')
028.838  000.477  000.065: require('vim.treesitter')
028.848  000.550  000.073: require('vim.treesitter.highlighter')
028.849  000.603  000.053: require('ufo.render.treesitter')
028.910  000.059  000.059: require('ufo.render.match')
028.913  000.838  000.069: require('ufo.render')
028.917  000.965  000.071: require('ufo.decorator')
029.099  000.102  000.102: require('ufo.preview.floatwin')
029.164  000.063  000.063: require('ufo.preview.scrollbar')
029.221  000.056  000.056: require('ufo.preview.winbar')
029.284  000.062  000.062: require('ufo.preview.keymap')
029.288  000.370  000.087: require('ufo.preview')
029.307  002.963  000.108: require('ufo.main')
030.195  000.102  000.102: require('nvim-treesitter.utils')
031.032  000.836  000.836: require('nvim-treesitter.parsers')
031.560  000.135  000.135: require('nvim-treesitter.compat')
031.873  000.218  000.218: require('nvim-treesitter.ts_utils')
031.914  000.353  000.135: require('nvim-treesitter.tsrange')
031.991  000.075  000.075: require('nvim-treesitter.caching')
032.002  000.800  000.237: require('nvim-treesitter.query')
032.018  000.908  000.107: require('nvim-treesitter.configs')
032.023  000.989  000.082: require('nvim-treesitter.info')
032.115  000.091  000.091: require('nvim-treesitter.shell_command_selectors')
032.126  002.127  000.107: require('nvim-treesitter.install')
032.180  000.053  000.053: require('nvim-treesitter.statusline')
032.241  000.060  000.060: require('nvim-treesitter.query_predicates')
032.242  002.632  000.393: require('nvim-treesitter')
032.314  000.068  000.068: require('vim.iter')
032.703  003.136  000.436: sourcing /Users/asilva/.local/share/nvim/lazy/nvim-treesitter/plugin/nvim-treesitter.lua
035.154  000.072  000.072: require('nvim-treesitter.highlight')
035.410  000.038  000.038: sourcing /usr/local/share/nvim/runtime/plugin/editorconfig.lua
035.488  000.037  000.037: sourcing /usr/local/share/nvim/runtime/plugin/man.lua
036.117  000.129  000.129: sourcing /usr/local/share/nvim/runtime/pack/dist/opt/matchit/plugin/matchit.vim
036.131  000.602  000.474: sourcing /usr/local/share/nvim/runtime/plugin/matchit.vim
036.260  000.089  000.089: sourcing /usr/local/share/nvim/runtime/plugin/matchparen.vim
036.335  000.035  000.035: sourcing /usr/local/share/nvim/runtime/plugin/osc52.lua
036.466  000.091  000.091: sourcing /usr/local/share/nvim/runtime/plugin/rplugin.vim
036.538  000.034  000.034: sourcing /usr/local/share/nvim/runtime/plugin/shada.vim
036.591  000.011  000.011: sourcing /usr/local/share/nvim/runtime/plugin/spellfile.vim
036.638  026.576  009.842: require('config.plugins')
036.709  000.070  000.070: require('config.winbar')
036.710  031.819  000.042: sourcing /Users/asilva/.config/nvim/init.lua
036.715  000.616: sourcing vimrc file(s)
036.987  000.026  000.026: sourcing /usr/local/share/nvim/runtime/filetype.lua
037.178  000.037  000.037: sourcing /usr/local/share/nvim/runtime/syntax/synload.vim
037.224  000.166  000.129: sourcing /usr/local/share/nvim/runtime/syntax/syntax.vim
037.230  000.324: inits 3
039.381  002.151: reading ShaDa
039.473  000.092: opening buffers
039.476  000.003: BufEnter autocommands
039.478  000.001: editing files in windows
039.710  000.064  000.064: require('lazy.util')
039.712  000.123  000.059: require('lazy.view.diff')
039.832  000.057  000.057: require('lazy.view.config')
039.835  000.122  000.065: require('lazy.view.float')
040.002  000.055  000.055: require('lazy.async')
040.005  000.114  000.059: require('lazy.manage.process')
040.056  000.051  000.051: require('lazy.manage.semver')
040.059  000.223  000.058: require('lazy.manage.git')
040.190  000.051  000.051: require('lazy.view.sections')
040.253  000.062  000.062: require('lazy.view.text')
040.256  000.196  000.084: require('lazy.view.render')
040.258  000.759  000.094: require('lazy.view')
042.564  000.319  000.319: sourcing /usr/local/share/nvim/runtime/ftplugin/lua.vim
047.398  004.771  004.771: sourcing /usr/local/share/nvim/runtime/ftplugin/lua.lua
048.131  000.182  000.182: sourcing /usr/local/share/nvim/runtime/indent/lua.vim
048.833  000.404  000.404: require('lazydev')
049.037  000.202  000.202: require('lazydev.config')
049.239  000.193  000.193: require('lazydev.util')
050.494  000.543  000.543: sourcing /usr/local/share/nvim/runtime/syntax/lua.vim
050.993  000.037  000.037: sourcing /usr/local/share/nvim/runtime/ftplugin/lua.vim
051.102  000.080  000.080: sourcing /usr/local/share/nvim/runtime/ftplugin/lua.lua
051.603  000.014  000.014: sourcing /usr/local/share/nvim/runtime/indent/lua.vim
052.816  000.321  000.321: sourcing /usr/local/share/nvim/runtime/syntax/lua.vim
053.000  000.077  000.077: require('editorconfig')
053.324  000.092  000.092: sourcing /usr/local/share/nvim/runtime/autoload/provider/clipboard.vim
053.469  013.005  005.770: sourcing /Users/asilva/.local/share/nvim/sessions/%2FUsers%2Fasilva%2F%2Econfig.vim
053.761  000.080  000.080: require('noice.config.views')
053.891  000.069  000.069: require('noice.ui.msg')
053.895  000.132  000.063: require('noice.config.status')
053.953  000.057  000.057: require('noice.config.format')
054.010  000.046  000.046: require('noice.config.icons')
054.188  000.053  000.053: require('noice.config.preset')
054.349  000.046  000.046: require('noice.config.cmdline')
054.407  000.056  000.056: require('noice.config.highlights')
054.559  000.051  000.051: require('noice.config.routes')
054.807  000.052  000.052: require('noice.lsp')
054.861  000.053  000.053: require('noice.lsp.hover')
055.006  000.070  000.070: require('vim.lsp.completion')
055.021  000.158  000.089: require('vim.lsp.handlers')
055.079  000.057  000.057: require('noice.lsp.signature')
055.186  000.046  000.046: require('noice.lsp.message')
055.238  000.048  000.048: require('noice.lsp.progress')
055.300  000.054  000.054: require('noice.commands')
055.390  000.054  000.054: require('noice.message.router')
055.773  000.324  000.324: require('nui.object')
055.782  000.391  000.068: require('noice.view')
055.907  000.088  000.088: require('noice.view.backend.notify')
056.863  000.047  000.047: require('notify.util.queue')
056.864  000.103  000.056: require('notify.util')
056.934  000.068  000.068: require('notify.config.highlights')
056.937  000.236  000.065: require('notify.config')
057.031  000.045  000.045: require('notify.stages')
057.092  000.061  000.061: require('notify.service.notification')
057.262  000.069  000.069: require('notify.animate.spring')
057.263  000.114  000.045: require('notify.animate')
057.265  000.172  000.058: require('notify.windows')
057.412  000.048  000.048: require('notify.service.buffer.highlights')
057.414  000.100  000.052: require('notify.service.buffer')
057.415  000.149  000.049: require('notify.service')
057.465  000.049  000.049: require('notify.stages.util')
057.466  000.528  000.052: require('notify.instance')
057.468  001.041  000.277: require('notify')
057.533  000.043  000.043: require('notify.stages.static')
057.543  001.627  000.543: require('notify')
057.747  000.048  000.048: require('noice.view.backend.popup')
057.821  000.073  000.073: require('noice.view.nui')
057.985  000.050  000.050: require('vim.version')
058.591  000.711  000.661: require('nui.utils')
058.593  000.765  000.054: require('noice.util.nui')
059.480  000.065  000.065: require('noice.view.backend.split')
059.640  000.082  000.082: require('nui.layout.utils')
059.642  000.151  000.069: require('nui.split.utils')
059.732  000.072  000.072: require('noice.view.backend.virtualtext')
059.989  000.067  000.067: require('noice.view.backend.mini')
060.165  000.086  000.086: require('noice.util.hacks')
060.268  000.094  000.094: require('noice.ui')
060.469  000.065  000.065: require('noice.text.block')
060.590  000.066  000.066: require('noice.message.filter')
060.591  000.249  000.119: require('noice.message')
060.601  000.328  000.079: require('noice.ui.cmdline')
060.661  000.058  000.058: require('noice.ui.popupmenu')
060.724  002.525: VimEnter autocommands
060.745  000.022: UIEnter autocommands
060.747  000.002: before starting main loop
074.011  000.108  000.108: require('noice.message.manager')
074.073  000.058  000.058: require('noice.ui.state')
074.139  000.053  000.053: require('noice.util.stats')
074.210  000.055  000.055: require('noice.text.highlight')
074.317  000.053  000.053: require('nui.text')
074.320  000.109  000.055: require('nui.line')
074.382  000.046  000.046: require('noice.util.ffi')
074.451  013.275: first screen update
074.451  000.001: --- NVIM STARTED ---

--- Startup times for process: Primary/TUI ---

times in msec
 clock   self+sourced   self:  sourced script
 clock   elapsed:              other lines

000.002  000.002: --- NVIM STARTING ---
000.118  000.117: event init
000.274  000.155: early init
000.939  000.665: locale set
000.991  000.052: init first window
010.043  009.053: inits 1
010.051  000.007: window checked
010.055  000.004: parsing arguments
010.516  000.040  000.040: require('vim.shared')
010.593  000.034  000.034: require('vim.inspect')
010.640  000.035  000.035: require('vim._options')
010.642  000.123  000.054: require('vim._editor')
010.643  000.212  000.050: require('vim._init_packages')
010.646  000.378: init lua interpreter
010.986  000.341: --- NVIM STARTED ---

--- Startup times for process: Embedded ---

times in msec
 clock   self+sourced   self:  sourced script
 clock   elapsed:              other lines

000.000  000.000: --- NVIM STARTING ---
000.057  000.057: event init
000.169  000.111: early init
000.498  000.329: locale set
000.527  000.029: init first window
000.806  000.279: inits 1
000.818  000.012: window checked
000.821  000.003: parsing arguments
001.224  000.036  000.036: require('vim.shared')
001.290  000.029  000.029: require('vim.inspect')
001.330  000.029  000.029: require('vim._options')
001.331  000.105  000.047: require('vim._editor')
001.333  000.193  000.052: require('vim._init_packages')
001.334  000.320: init lua interpreter
002.761  001.427: expanding arguments
002.772  000.011: inits 2
003.009  000.236: init highlight
003.010  000.001: waiting for UI
003.128  000.119: done waiting for UI
003.134  000.005: clear screen
003.204  000.009  000.009: require('vim.keymap')
003.876  000.740  000.731: require('vim._defaults')
003.878  000.004: init default mappings & autocommands
004.367  000.057  000.057: sourcing /usr/local/share/nvim/runtime/ftplugin.vim
004.453  000.025  000.025: sourcing /usr/local/share/nvim/runtime/indent.vim
004.768  000.169  000.169: require('config.initial')
005.264  000.494  000.494: require('config.autocmd')
005.451  000.186  000.186: require('config.command')
006.853  001.278  001.278: require('vim.filetype')
007.208  001.756  000.478: require('config.filetype')
007.889  000.679  000.679: require('config.keymaps')
009.376  000.004  000.004: require('vim.F')
009.407  001.141  001.136: require('vim.diagnostic')
009.488  001.597  000.457: require('config.options')
010.087  000.172  000.172: require('lazy')
010.164  000.075  000.075: require('config.plugins.matchup')
010.249  000.083  000.083: require('config.plugins.noice')
010.318  000.065  000.065: require('config.plugins.git-conflict')
010.379  000.060  000.060: require('config.plugins.neogit')
010.443  000.062  000.062: require('config.plugins.spectre')
010.506  000.061  000.061: require('config.plugins.trouble')
010.566  000.059  000.059: require('config.plugins.bufferline')
010.655  000.087  000.087: require('config.plugins.catppuccin')
010.758  000.102  000.102: require('config.plugins.cmp')
010.860  000.101  000.101: require('config.plugins.grug-far')
010.985  000.123  000.123: require('config.plugins.nvim-tree')
011.054  000.068  000.068: require('config.plugins.oil')
011.144  000.089  000.089: require('config.plugins.neoscroll')
011.216  000.070  000.070: require('config.plugins.scrollview')
011.411  000.193  000.193: require('config.plugins.telescope')
011.471  000.058  000.058: require('config.plugins.comment')
011.549  000.077  000.077: require('config.plugins.todos')
011.644  000.094  000.094: require('config.plugins.treesitter')
011.734  000.089  000.089: require('config.plugins.ufo')
011.927  000.191  000.191: require('config.plugins.lsp')
012.009  000.080  000.080: require('config.plugins.lint')
012.115  000.105  000.105: require('config.plugins.conform')
012.172  000.055  000.055: require('config.plugins.no-neck-pain')
012.195  000.012  000.012: require('ffi')
012.236  000.022  000.022: require('vim.fs')
012.356  000.117  000.117: require('vim.uri')
012.364  000.168  000.028: require('vim.loader')
012.560  000.175  000.175: require('lazy.stats')
012.683  000.096  000.096: require('lazy.core.util')
012.794  000.110  000.110: require('lazy.core.config')
013.012  000.076  000.076: require('lazy.core.handler')
013.263  000.090  000.090: require('lazy.pkg')
013.267  000.162  000.072: require('lazy.core.meta')
013.271  000.257  000.095: require('lazy.core.plugin')
013.277  000.481  000.148: require('lazy.core.loader')
013.589  000.073  000.073: require('lazy.core.fragments')
015.277  000.158  000.158: require('lazy.core.handler.event')
015.384  000.104  000.104: require('lazy.core.handler.keys')
015.457  000.071  000.071: require('lazy.core.handler.ft')
015.530  000.070  000.070: require('lazy.core.handler.cmd')
017.271  000.199  000.199: sourcing /usr/local/share/nvim/runtime/filetype.lua
018.283  000.848  000.848: require('catppuccin')
018.632  000.154  000.154: require('catppuccin.lib.hashing')
018.755  000.121  000.121: require('catppuccin.palettes')
018.884  000.120  000.120: require('catppuccin.palettes.mocha')
020.777  000.757  000.757: sourcing /Users/asilva/.local/share/nvim/lazy/catppuccin/colors/catppuccin-frappe.vim
021.415  000.086  000.086: require('noice.util.lazy')
021.419  000.574  000.488: require('noice')
021.565  000.070  000.070: require('vim.health')
021.826  000.116  000.116: require('noice.util.call')
021.829  000.261  000.146: require('noice.util')
021.831  000.410  000.078: require('noice.health')
021.942  000.103  000.103: require('noice.config')
022.481  000.061  000.061: require('auto-session.logger')
022.489  000.148  000.087: require('auto-session.lib')
022.690  000.200  000.200: require('auto-session.config')
022.772  000.080  000.080: require('auto-session.autocmds')
022.778  000.676  000.248: require('auto-session')
023.692  000.045  000.045: sourcing /usr/local/share/nvim/runtime/plugin/editorconfig.lua
023.776  000.040  000.040: sourcing /usr/local/share/nvim/runtime/plugin/man.lua
024.342  000.138  000.138: sourcing /usr/local/share/nvim/runtime/pack/dist/opt/matchit/plugin/matchit.vim
024.354  000.533  000.395: sourcing /usr/local/share/nvim/runtime/plugin/matchit.vim
024.494  000.097  000.097: sourcing /usr/local/share/nvim/runtime/plugin/matchparen.vim
024.577  000.040  000.040: sourcing /usr/local/share/nvim/runtime/plugin/osc52.lua
024.717  000.098  000.098: sourcing /usr/local/share/nvim/runtime/plugin/rplugin.vim
024.820  000.040  000.040: sourcing /usr/local/share/nvim/runtime/plugin/shada.vim
024.891  000.012  000.012: sourcing /usr/local/share/nvim/runtime/plugin/spellfile.vim
024.969  015.479  006.877: require('config.plugins')
025.078  000.108  000.108: require('config.winbar')
025.079  020.510  000.041: sourcing /Users/asilva/.config/nvim/init.lua
025.084  000.616: sourcing vimrc file(s)
025.313  000.028  000.028: sourcing /usr/local/share/nvim/runtime/filetype.lua
025.506  000.039  000.039: sourcing /usr/local/share/nvim/runtime/syntax/synload.vim
025.556  000.163  000.124: sourcing /usr/local/share/nvim/runtime/syntax/syntax.vim
025.562  000.287: inits 3
027.795  002.233: reading ShaDa
027.845  000.051: opening buffers
027.849  000.004: BufEnter autocommands
027.850  000.001: editing files in windows
028.041  000.120  000.120: require('noice.config.views')
028.257  000.101  000.101: require('noice.ui.msg')
028.259  000.217  000.115: require('noice.config.status')
028.327  000.067  000.067: require('noice.config.format')
028.380  000.052  000.052: require('noice.config.icons')
028.643  000.061  000.061: require('noice.config.preset')
028.921  000.060  000.060: require('noice.config.cmdline')
028.985  000.063  000.063: require('noice.config.highlights')
029.180  000.060  000.060: require('noice.config.routes')
029.520  000.064  000.064: require('noice.lsp')
029.583  000.056  000.056: require('noice.lsp.hover')
029.807  000.119  000.119: require('vim.lsp.log')
030.127  000.318  000.318: require('vim.lsp.protocol')
030.417  000.119  000.119: require('vim.highlight')
030.473  000.344  000.224: require('vim.lsp.util')
030.640  000.085  000.085: require('vim.lsp.sync')
030.647  000.172  000.087: require('vim.lsp._changetracking')
030.775  000.126  000.126: require('vim.lsp.rpc')
030.800  001.215  000.134: require('vim.lsp')
031.036  000.136  000.136: require('vim.lsp.completion')
031.065  000.260  000.124: require('vim.lsp.handlers')
031.154  000.087  000.087: require('noice.lsp.signature')
031.250  000.077  000.077: require('noice.lsp.message')
031.418  000.162  000.162: require('noice.lsp.progress')
031.589  000.136  000.136: require('noice.commands')
031.769  000.135  000.135: require('noice.message.router')
032.495  000.495  000.495: require('nui.object')
032.513  000.742  000.247: require('noice.view')
032.601  000.074  000.074: require('noice.view.backend.notify')
033.374  000.051  000.051: require('notify.util.queue')
033.375  000.113  000.062: require('notify.util')
033.485  000.080  000.080: require('notify.config.highlights')
033.487  000.288  000.096: require('notify.config')
033.593  000.051  000.051: require('notify.stages')
033.664  000.069  000.069: require('notify.service.notification')
033.854  000.076  000.076: require('notify.animate.spring')
033.855  000.127  000.050: require('notify.animate')
033.858  000.194  000.067: require('notify.windows')
034.035  000.063  000.063: require('notify.service.buffer.highlights')
034.038  000.123  000.059: require('notify.service.buffer')
034.040  000.181  000.058: require('notify.service')
034.095  000.054  000.054: require('notify.stages.util')
034.097  000.609  000.060: require('notify.instance')
034.099  001.096  000.199: require('notify')
034.157  000.048  000.048: require('notify.stages.static')
034.169  001.541  000.397: require('notify')
034.460  000.056  000.056: require('noice.view.backend.popup')
034.562  000.101  000.101: require('noice.view.nui')
034.763  000.057  000.057: require('vim.version')
035.480  000.836  000.779: require('nui.utils')
035.483  000.897  000.061: require('noice.util.nui')
036.925  000.064  000.064: require('noice.view.backend.split')
037.045  000.056  000.056: require('nui.layout.utils')
037.047  000.114  000.058: require('nui.split.utils')
037.154  000.059  000.059: require('noice.view.backend.virtualtext')
037.368  000.059  000.059: require('noice.view.backend.mini')
037.513  000.062  000.062: require('noice.util.hacks')
037.576  000.056  000.056: require('noice.ui')
037.749  000.065  000.065: require('noice.text.block')
037.832  000.051  000.051: require('noice.message.filter')
037.834  000.200  000.084: require('noice.message')
037.841  000.262  000.061: require('noice.ui.cmdline')
037.897  000.054  000.054: require('noice.ui.popupmenu')
038.180  000.068  000.068: require('lazy.util')
038.182  000.140  000.071: require('lazy.view.diff')
038.311  000.060  000.060: require('lazy.view.config')
038.313  000.131  000.071: require('lazy.view.float')
038.497  000.052  000.052: require('lazy.async')
038.503  000.115  000.063: require('lazy.manage.process')
038.555  000.050  000.050: require('lazy.manage.semver')
038.557  000.243  000.077: require('lazy.manage.git')
038.702  000.062  000.062: require('lazy.view.sections')
038.754  000.051  000.051: require('lazy.view.text')
038.758  000.199  000.087: require('lazy.view.render')
038.760  000.798  000.085: require('lazy.view')
040.992  000.044  000.044: sourcing /usr/local/share/nvim/runtime/ftplugin/lua.vim
041.410  000.052  000.052: require('vim.treesitter.language')
041.458  000.047  000.047: require('vim.func')
041.534  000.068  000.068: require('vim.func._memoize')
041.543  000.279  000.112: require('vim.treesitter.query')
041.613  000.069  000.069: require('vim.treesitter._range')
041.642  000.469  000.121: require('vim.treesitter.languagetree')
041.646  000.578  000.108: require('vim.treesitter')
044.693  000.094  000.094: require('vim.treesitter.highlighter')
044.760  003.733  003.061: sourcing /usr/local/share/nvim/runtime/ftplugin/lua.lua
045.333  000.033  000.033: sourcing /usr/local/share/nvim/runtime/indent/lua.vim
045.463  000.089  000.089: require('editorconfig')
045.796  000.096  000.096: sourcing /usr/local/share/nvim/runtime/autoload/provider/clipboard.vim
045.941  006.973  002.978: sourcing /Users/asilva/.local/share/nvim/sessions/%2FUsers%2Fasilva%2F%2Econfig.vim
046.009  003.359: VimEnter autocommands
046.031  000.022: UIEnter autocommands
046.033  000.002: before starting main loop
054.629  000.130  000.130: require('noice.message.manager')
054.722  000.086  000.086: require('noice.ui.state')
054.787  000.052  000.052: require('noice.util.stats')
054.867  000.057  000.057: require('noice.text.highlight')
055.004  000.065  000.065: require('nui.text')
055.006  000.136  000.072: require('nui.line')
055.057  000.043  000.043: require('noice.util.ffi')
055.073  008.536: first screen update
055.074  000.001: --- NVIM STARTED ---

