1717530922.186677 client started (33036): version 3.4, socket /private/tmp/tmux-502/default, protocol 8
1717530922.186739 on Darwin 23.1.0 Darwin Kernel Version 23.1.0: Mon Oct  9 21:32:11 PDT 2023; root:xnu-10002.41.9~7/RELEASE_ARM64_T6030
1717530922.186759 using libevent 2.1.12-stable select
1717530922.186788 using utf8proc 2.9.0
1717530922.186798 using ncurses 6.4 20221231
1717530922.186820 flags are 0x10010000
1717530922.186830 socket is /private/tmp/tmux-502/default
1717530922.186844 trying connect
1717530922.186938 add peer 0x128008000: 6 (0x0)
1717530922.189018 sending message 100 to peer 0x128008000 (4 bytes)
1717530922.189064 sending message 111 to peer 0x128008000 (8 bytes)
1717530922.189076 sending message 101 to peer 0x128008000 (14 bytes)
1717530922.189085 sending message 109 to peer 0x128008000 (4 bytes)
1717530922.189093 sending message 102 to peer 0x128008000 (13 bytes)
1717530922.189100 sending message 108 to peer 0x128008000 (24 bytes)
1717530922.189107 sending message 112 to peer 0x128008000 (70 bytes)
1717530922.189114 sending message 112 to peer 0x128008000 (5 bytes)
1717530922.189122 sending message 112 to peer 0x128008000 (5 bytes)
1717530922.189129 sending message 112 to peer 0x128008000 (6 bytes)
1717530922.189137 sending message 112 to peer 0x128008000 (6 bytes)
1717530922.189144 sending message 112 to peer 0x128008000 (11 bytes)
1717530922.189151 sending message 112 to peer 0x128008000 (10 bytes)
1717530922.189158 sending message 112 to peer 0x128008000 (13 bytes)
1717530922.189165 sending message 112 to peer 0x128008000 (13 bytes)
1717530922.189172 sending message 112 to peer 0x128008000 (18 bytes)
1717530922.189178 sending message 112 to peer 0x128008000 (11 bytes)
1717530922.189191 sending message 112 to peer 0x128008000 (10 bytes)
1717530922.189202 sending message 112 to peer 0x128008000 (15 bytes)
1717530922.189210 sending message 112 to peer 0x128008000 (21 bytes)
1717530922.189217 sending message 112 to peer 0x128008000 (13 bytes)
1717530922.189224 sending message 112 to peer 0x128008000 (7 bytes)
1717530922.189231 sending message 112 to peer 0x128008000 (13 bytes)
1717530922.189238 sending message 112 to peer 0x128008000 (7 bytes)
1717530922.189245 sending message 112 to peer 0x128008000 (13 bytes)
1717530922.189252 sending message 112 to peer 0x128008000 (9 bytes)
1717530922.189260 sending message 112 to peer 0x128008000 (21 bytes)
1717530922.189268 sending message 112 to peer 0x128008000 (13 bytes)
1717530922.189275 sending message 112 to peer 0x128008000 (8 bytes)
1717530922.189282 sending message 112 to peer 0x128008000 (12 bytes)
1717530922.189289 sending message 112 to peer 0x128008000 (13 bytes)
1717530922.189295 sending message 112 to peer 0x128008000 (9 bytes)
1717530922.189302 sending message 112 to peer 0x128008000 (9 bytes)
1717530922.189309 sending message 112 to peer 0x128008000 (12 bytes)
1717530922.189316 sending message 112 to peer 0x128008000 (8 bytes)
1717530922.189323 sending message 112 to peer 0x128008000 (8 bytes)
1717530922.189330 sending message 112 to peer 0x128008000 (7 bytes)
1717530922.189337 sending message 112 to peer 0x128008000 (7 bytes)
1717530922.189344 sending message 112 to peer 0x128008000 (9 bytes)
1717530922.189350 sending message 112 to peer 0x128008000 (13 bytes)
1717530922.189357 sending message 112 to peer 0x128008000 (6 bytes)
1717530922.189363 sending message 112 to peer 0x128008000 (9 bytes)
1717530922.189370 sending message 112 to peer 0x128008000 (15 bytes)
1717530922.189376 sending message 112 to peer 0x128008000 (13 bytes)
1717530922.189383 sending message 112 to peer 0x128008000 (12 bytes)
1717530922.189390 sending message 112 to peer 0x128008000 (8 bytes)
1717530922.189396 sending message 112 to peer 0x128008000 (14 bytes)
1717530922.189404 sending message 112 to peer 0x128008000 (11 bytes)
1717530922.189410 sending message 112 to peer 0x128008000 (9 bytes)
1717530922.189417 sending message 112 to peer 0x128008000 (10 bytes)
1717530922.189424 sending message 112 to peer 0x128008000 (10 bytes)
1717530922.189431 sending message 112 to peer 0x128008000 (10 bytes)
1717530922.189460 sending message 112 to peer 0x128008000 (10 bytes)
1717530922.189466 sending message 112 to peer 0x128008000 (11 bytes)
1717530922.189471 sending message 112 to peer 0x128008000 (12 bytes)
1717530922.189476 sending message 112 to peer 0x128008000 (12 bytes)
1717530922.189480 sending message 112 to peer 0x128008000 (12 bytes)
1717530922.189485 sending message 112 to peer 0x128008000 (12 bytes)
1717530922.189489 sending message 112 to peer 0x128008000 (12 bytes)
1717530922.189493 sending message 112 to peer 0x128008000 (11 bytes)
1717530922.189498 sending message 112 to peer 0x128008000 (11 bytes)
1717530922.189503 sending message 112 to peer 0x128008000 (12 bytes)
1717530922.189507 sending message 112 to peer 0x128008000 (12 bytes)
1717530922.189512 sending message 112 to peer 0x128008000 (12 bytes)
1717530922.189538 sending message 112 to peer 0x128008000 (12 bytes)
1717530922.189546 sending message 112 to peer 0x128008000 (12 bytes)
1717530922.189551 sending message 112 to peer 0x128008000 (10 bytes)
1717530922.189555 sending message 112 to peer 0x128008000 (12 bytes)
1717530922.189560 sending message 112 to peer 0x128008000 (13 bytes)
1717530922.189564 sending message 112 to peer 0x128008000 (13 bytes)
1717530922.189568 sending message 112 to peer 0x128008000 (13 bytes)
1717530922.189573 sending message 112 to peer 0x128008000 (13 bytes)
1717530922.189577 sending message 112 to peer 0x128008000 (13 bytes)
1717530922.189581 sending message 112 to peer 0x128008000 (8 bytes)
1717530922.189586 sending message 112 to peer 0x128008000 (11 bytes)
1717530922.189590 sending message 112 to peer 0x128008000 (11 bytes)
1717530922.189595 sending message 112 to peer 0x128008000 (11 bytes)
1717530922.189599 sending message 112 to peer 0x128008000 (12 bytes)
1717530922.189604 sending message 112 to peer 0x128008000 (12 bytes)
1717530922.189608 sending message 112 to peer 0x128008000 (12 bytes)
1717530922.189612 sending message 112 to peer 0x128008000 (12 bytes)
1717530922.189617 sending message 112 to peer 0x128008000 (13 bytes)
1717530922.189621 sending message 112 to peer 0x128008000 (13 bytes)
1717530922.189626 sending message 112 to peer 0x128008000 (13 bytes)
1717530922.189630 sending message 112 to peer 0x128008000 (8 bytes)
1717530922.189635 sending message 112 to peer 0x128008000 (13 bytes)
1717530922.189639 sending message 112 to peer 0x128008000 (13 bytes)
1717530922.189644 sending message 112 to peer 0x128008000 (13 bytes)
1717530922.189648 sending message 112 to peer 0x128008000 (13 bytes)
1717530922.189653 sending message 112 to peer 0x128008000 (13 bytes)
1717530922.189657 sending message 112 to peer 0x128008000 (12 bytes)
1717530922.189661 sending message 112 to peer 0x128008000 (12 bytes)
1717530922.189665 sending message 112 to peer 0x128008000 (12 bytes)
1717530922.189670 sending message 112 to peer 0x128008000 (12 bytes)
1717530922.189674 sending message 112 to peer 0x128008000 (13 bytes)
1717530922.189678 sending message 112 to peer 0x128008000 (8 bytes)
1717530922.189683 sending message 112 to peer 0x128008000 (13 bytes)
1717530922.189687 sending message 112 to peer 0x128008000 (13 bytes)
1717530922.189692 sending message 112 to peer 0x128008000 (13 bytes)
1717530922.189696 sending message 112 to peer 0x128008000 (13 bytes)
1717530922.189701 sending message 112 to peer 0x128008000 (13 bytes)
1717530922.189705 sending message 112 to peer 0x128008000 (13 bytes)
1717530922.189710 sending message 112 to peer 0x128008000 (13 bytes)
1717530922.189715 sending message 112 to peer 0x128008000 (12 bytes)
1717530922.189719 sending message 112 to peer 0x128008000 (12 bytes)
1717530922.189723 sending message 112 to peer 0x128008000 (12 bytes)
1717530922.189728 sending message 112 to peer 0x128008000 (8 bytes)
1717530922.189732 sending message 112 to peer 0x128008000 (12 bytes)
1717530922.189737 sending message 112 to peer 0x128008000 (13 bytes)
1717530922.189741 sending message 112 to peer 0x128008000 (13 bytes)
1717530922.189745 sending message 112 to peer 0x128008000 (13 bytes)
1717530922.189749 sending message 112 to peer 0x128008000 (13 bytes)
1717530922.189764 sending message 112 to peer 0x128008000 (13 bytes)
1717530922.189769 sending message 112 to peer 0x128008000 (13 bytes)
1717530922.189773 sending message 112 to peer 0x128008000 (13 bytes)
1717530922.189778 sending message 112 to peer 0x128008000 (13 bytes)
1717530922.189782 sending message 112 to peer 0x128008000 (12 bytes)
1717530922.189787 sending message 112 to peer 0x128008000 (10 bytes)
1717530922.189791 sending message 112 to peer 0x128008000 (12 bytes)
1717530922.189796 sending message 112 to peer 0x128008000 (12 bytes)
1717530922.189800 sending message 112 to peer 0x128008000 (12 bytes)
1717530922.189805 sending message 112 to peer 0x128008000 (13 bytes)
1717530922.189809 sending message 112 to peer 0x128008000 (13 bytes)
1717530922.189813 sending message 112 to peer 0x128008000 (13 bytes)
1717530922.189818 sending message 112 to peer 0x128008000 (13 bytes)
1717530922.189822 sending message 112 to peer 0x128008000 (13 bytes)
1717530922.189827 sending message 112 to peer 0x128008000 (13 bytes)
1717530922.189831 sending message 112 to peer 0x128008000 (13 bytes)
1717530922.189836 sending message 112 to peer 0x128008000 (10 bytes)
1717530922.189840 sending message 112 to peer 0x128008000 (13 bytes)
1717530922.189845 sending message 112 to peer 0x128008000 (12 bytes)
1717530922.189849 sending message 112 to peer 0x128008000 (12 bytes)
1717530922.189854 sending message 112 to peer 0x128008000 (12 bytes)
1717530922.189858 sending message 112 to peer 0x128008000 (10 bytes)
1717530922.189863 sending message 112 to peer 0x128008000 (10 bytes)
1717530922.189868 sending message 112 to peer 0x128008000 (10 bytes)
1717530922.189872 sending message 112 to peer 0x128008000 (12 bytes)
1717530922.189876 sending message 112 to peer 0x128008000 (13 bytes)
1717530922.189881 sending message 112 to peer 0x128008000 (13 bytes)
1717530922.189885 sending message 112 to peer 0x128008000 (13 bytes)
1717530922.189889 sending message 112 to peer 0x128008000 (13 bytes)
1717530922.189894 sending message 112 to peer 0x128008000 (13 bytes)
1717530922.189898 sending message 112 to peer 0x128008000 (11 bytes)
1717530922.189903 sending message 112 to peer 0x128008000 (11 bytes)
1717530922.189907 sending message 112 to peer 0x128008000 (12 bytes)
1717530922.189911 sending message 112 to peer 0x128008000 (12 bytes)
1717530922.189916 sending message 112 to peer 0x128008000 (12 bytes)
1717530922.189920 sending message 112 to peer 0x128008000 (12 bytes)
1717530922.189925 sending message 112 to peer 0x128008000 (12 bytes)
1717530922.189929 sending message 112 to peer 0x128008000 (11 bytes)
1717530922.189934 sending message 112 to peer 0x128008000 (12 bytes)
1717530922.189938 sending message 112 to peer 0x128008000 (12 bytes)
1717530922.189942 sending message 112 to peer 0x128008000 (13 bytes)
1717530922.189952 sending message 112 to peer 0x128008000 (13 bytes)
1717530922.189958 sending message 112 to peer 0x128008000 (13 bytes)
1717530922.189964 sending message 112 to peer 0x128008000 (13 bytes)
1717530922.189968 sending message 112 to peer 0x128008000 (13 bytes)
1717530922.189973 sending message 112 to peer 0x128008000 (10 bytes)
1717530922.189977 sending message 112 to peer 0x128008000 (9 bytes)
1717530922.189982 sending message 112 to peer 0x128008000 (12 bytes)
1717530922.189987 sending message 112 to peer 0x128008000 (13 bytes)
1717530922.189991 sending message 112 to peer 0x128008000 (13 bytes)
1717530922.189996 sending message 112 to peer 0x128008000 (13 bytes)
1717530922.190001 sending message 112 to peer 0x128008000 (13 bytes)
1717530922.190005 sending message 112 to peer 0x128008000 (13 bytes)
1717530922.190010 sending message 112 to peer 0x128008000 (9 bytes)
1717530922.190014 sending message 112 to peer 0x128008000 (12 bytes)
1717530922.190019 sending message 112 to peer 0x128008000 (13 bytes)
1717530922.190023 sending message 112 to peer 0x128008000 (13 bytes)
1717530922.190028 sending message 112 to peer 0x128008000 (13 bytes)
1717530922.190032 sending message 112 to peer 0x128008000 (13 bytes)
1717530922.190045 sending message 112 to peer 0x128008000 (13 bytes)
1717530922.190050 sending message 112 to peer 0x128008000 (11 bytes)
1717530922.190054 sending message 112 to peer 0x128008000 (12 bytes)
1717530922.190059 sending message 112 to peer 0x128008000 (13 bytes)
1717530922.190063 sending message 112 to peer 0x128008000 (13 bytes)
1717530922.190067 sending message 112 to peer 0x128008000 (13 bytes)
1717530922.190072 sending message 112 to peer 0x128008000 (13 bytes)
1717530922.190076 sending message 112 to peer 0x128008000 (13 bytes)
1717530922.190080 sending message 112 to peer 0x128008000 (11 bytes)
1717530922.190085 sending message 112 to peer 0x128008000 (12 bytes)
1717530922.190089 sending message 112 to peer 0x128008000 (12 bytes)
1717530922.190093 sending message 112 to peer 0x128008000 (12 bytes)
1717530922.190097 sending message 112 to peer 0x128008000 (12 bytes)
1717530922.190102 sending message 112 to peer 0x128008000 (12 bytes)
1717530922.190107 sending message 112 to peer 0x128008000 (21 bytes)
1717530922.190112 sending message 112 to peer 0x128008000 (12 bytes)
1717530922.190117 sending message 112 to peer 0x128008000 (9 bytes)
1717530922.190121 sending message 112 to peer 0x128008000 (6 bytes)
1717530922.190126 sending message 112 to peer 0x128008000 (13 bytes)
1717530922.190130 sending message 112 to peer 0x128008000 (8 bytes)
1717530922.190134 sending message 112 to peer 0x128008000 (15 bytes)
1717530922.190138 sending message 112 to peer 0x128008000 (13 bytes)
1717530922.190143 sending message 112 to peer 0x128008000 (9 bytes)
1717530922.190147 sending message 112 to peer 0x128008000 (70 bytes)
1717530922.190153 sending message 112 to peer 0x128008000 (69 bytes)
1717530922.190158 sending message 112 to peer 0x128008000 (10 bytes)
1717530922.190162 sending message 112 to peer 0x128008000 (10 bytes)
1717530922.190167 sending message 112 to peer 0x128008000 (8 bytes)
1717530922.190171 sending message 112 to peer 0x128008000 (15 bytes)
1717530922.190238 sending message 112 to peer 0x128008000 (13 bytes)
1717530922.190261 sending message 112 to peer 0x128008000 (10 bytes)
1717530922.190268 sending message 112 to peer 0x128008000 (10 bytes)
1717530922.190274 sending message 112 to peer 0x128008000 (17 bytes)
1717530922.190283 sending message 112 to peer 0x128008000 (10 bytes)
1717530922.190288 sending message 112 to peer 0x128008000 (13 bytes)
1717530922.190293 sending message 112 to peer 0x128008000 (9 bytes)
1717530922.190298 sending message 112 to peer 0x128008000 (5 bytes)
1717530922.190304 sending message 112 to peer 0x128008000 (15 bytes)
1717530922.190311 sending message 104 to peer 0x128008000 (0 bytes)
1717530922.190326 sending message 110 to peer 0x128008000 (0 bytes)
1717530922.190331 sending message 107 to peer 0x128008000 (4 bytes)
1717530922.190337 sending message 105 to peer 0x128008000 (79 bytes)
1717530922.190344 sending message 105 to peer 0x128008000 (41 bytes)
1717530922.190349 sending message 105 to peer 0x128008000 (24 bytes)
1717530922.190354 sending message 105 to peer 0x128008000 (70 bytes)
1717530922.190359 sending message 105 to peer 0x128008000 (98 bytes)
1717530922.190364 sending message 105 to peer 0x128008000 (19 bytes)
1717530922.190368 sending message 105 to peer 0x128008000 (32 bytes)
1717530922.190373 sending message 105 to peer 0x128008000 (14 bytes)
1717530922.190378 sending message 105 to peer 0x128008000 (66 bytes)
1717530922.190383 sending message 105 to peer 0x128008000 (20 bytes)
1717530922.190387 sending message 105 to peer 0x128008000 (26 bytes)
1717530922.190392 sending message 105 to peer 0x128008000 (29 bytes)
1717530922.190396 sending message 105 to peer 0x128008000 (43 bytes)
1717530922.190401 sending message 105 to peer 0x128008000 (35 bytes)
1717530922.190406 sending message 105 to peer 0x128008000 (109 bytes)
1717530922.190411 sending message 105 to peer 0x128008000 (87 bytes)
1717530922.190418 sending message 105 to peer 0x128008000 (38 bytes)
1717530922.190423 sending message 105 to peer 0x128008000 (87 bytes)
1717530922.190447 sending message 105 to peer 0x128008000 (18 bytes)
1717530922.190452 sending message 105 to peer 0x128008000 (31 bytes)
1717530922.190457 sending message 105 to peer 0x128008000 (25 bytes)
1717530922.190462 sending message 105 to peer 0x128008000 (23 bytes)
1717530922.190467 sending message 105 to peer 0x128008000 (17 bytes)
1717530922.190471 sending message 105 to peer 0x128008000 (15 bytes)
1717530922.190476 sending message 105 to peer 0x128008000 (14 bytes)
1717530922.190481 sending message 105 to peer 0x128008000 (83 bytes)
1717530922.190485 sending message 105 to peer 0x128008000 (26 bytes)
1717530922.190490 sending message 105 to peer 0x128008000 (223 bytes)
1717530922.190497 sending message 105 to peer 0x128008000 (57 bytes)
1717530922.190504 sending message 105 to peer 0x128008000 (19 bytes)
1717530922.190509 sending message 105 to peer 0x128008000 (8 bytes)
1717530922.190514 sending message 105 to peer 0x128008000 (22 bytes)
1717530922.190519 sending message 105 to peer 0x128008000 (32 bytes)
1717530922.190523 sending message 105 to peer 0x128008000 (20 bytes)
1717530922.190528 sending message 105 to peer 0x128008000 (40 bytes)
1717530922.190533 sending message 105 to peer 0x128008000 (21 bytes)
1717530922.190537 sending message 105 to peer 0x128008000 (45 bytes)
1717530922.190542 sending message 105 to peer 0x128008000 (13 bytes)
1717530922.190547 sending message 105 to peer 0x128008000 (20 bytes)
1717530922.190551 sending message 105 to peer 0x128008000 (12 bytes)
1717530922.190560 sending message 105 to peer 0x128008000 (1101 bytes)
1717530922.190579 sending message 105 to peer 0x128008000 (28 bytes)
1717530922.190585 sending message 105 to peer 0x128008000 (56 bytes)
1717530922.190590 sending message 105 to peer 0x128008000 (53 bytes)
1717530922.190595 sending message 105 to peer 0x128008000 (27 bytes)
1717530922.190599 sending message 105 to peer 0x128008000 (19 bytes)
1717530922.190604 sending message 105 to peer 0x128008000 (18 bytes)
1717530922.190609 sending message 106 to peer 0x128008000 (0 bytes)
1717530922.190710 sending message 200 to peer 0x128008000 (4 bytes)
1717530922.190720 client loop enter
1717530922.190979 peer 0x128008000 message 303
1717530922.190991 open write file 2 -
1717530922.191026 sending message 305 to peer 0x128008000 (8 bytes)
1717530922.191043 write check file 2
1717530922.191089 peer 0x128008000 message 304
1717530922.191096 write 58 to file 2
1717530922.191103 peer 0x128008000 message 203
1717530922.191108 file 2 58 bytes left
1717530922.191123 write check file 2
1717530922.191128 client loop exit
