1718851140.731001 client started (20660): version 3.4, socket /private/tmp/tmux-501/default, protocol 8
1718851140.731094 on Darwin 22.1.0 Darwin Kernel Version 22.1.0: Sun Oct  9 20:15:09 PDT 2022; root:xnu-8792.41.9~2/RELEASE_ARM64_T6000
1718851140.731115 using libevent 2.1.12-stable select
1718851140.731740 using utf8proc 2.9.0
1718851140.731776 using ncurses 6.5 20240427
1718851140.731851 flags are 0x10010000
1718851140.731874 socket is /private/tmp/tmux-501/default
1718851140.731904 trying connect
1718851140.732031 add peer 0x130008000: 6 (0x0)
1718851140.737031 sending message 100 to peer 0x130008000 (4 bytes)
1718851140.737050 sending message 111 to peer 0x130008000 (8 bytes)
1718851140.737060 sending message 101 to peer 0x130008000 (14 bytes)
1718851140.737068 sending message 109 to peer 0x130008000 (4 bytes)
1718851140.737077 sending message 102 to peer 0x130008000 (13 bytes)
1718851140.737085 sending message 108 to peer 0x130008000 (22 bytes)
1718851140.737093 sending message 112 to peer 0x130008000 (70 bytes)
1718851140.737101 sending message 112 to peer 0x130008000 (5 bytes)
1718851140.737108 sending message 112 to peer 0x130008000 (5 bytes)
1718851140.737115 sending message 112 to peer 0x130008000 (6 bytes)
1718851140.737123 sending message 112 to peer 0x130008000 (6 bytes)
1718851140.737130 sending message 112 to peer 0x130008000 (11 bytes)
1718851140.737138 sending message 112 to peer 0x130008000 (10 bytes)
1718851140.737145 sending message 112 to peer 0x130008000 (13 bytes)
1718851140.737153 sending message 112 to peer 0x130008000 (13 bytes)
1718851140.737160 sending message 112 to peer 0x130008000 (18 bytes)
1718851140.737167 sending message 112 to peer 0x130008000 (11 bytes)
1718851140.737175 sending message 112 to peer 0x130008000 (10 bytes)
1718851140.737182 sending message 112 to peer 0x130008000 (15 bytes)
1718851140.737189 sending message 112 to peer 0x130008000 (21 bytes)
1718851140.737197 sending message 112 to peer 0x130008000 (13 bytes)
1718851140.737204 sending message 112 to peer 0x130008000 (7 bytes)
1718851140.737211 sending message 112 to peer 0x130008000 (13 bytes)
1718851140.737218 sending message 112 to peer 0x130008000 (7 bytes)
1718851140.737225 sending message 112 to peer 0x130008000 (13 bytes)
1718851140.737232 sending message 112 to peer 0x130008000 (9 bytes)
1718851140.737240 sending message 112 to peer 0x130008000 (21 bytes)
1718851140.737247 sending message 112 to peer 0x130008000 (13 bytes)
1718851140.737254 sending message 112 to peer 0x130008000 (8 bytes)
1718851140.737262 sending message 112 to peer 0x130008000 (12 bytes)
1718851140.737269 sending message 112 to peer 0x130008000 (13 bytes)
1718851140.737276 sending message 112 to peer 0x130008000 (9 bytes)
1718851140.737285 sending message 112 to peer 0x130008000 (9 bytes)
1718851140.737292 sending message 112 to peer 0x130008000 (12 bytes)
1718851140.737300 sending message 112 to peer 0x130008000 (8 bytes)
1718851140.737307 sending message 112 to peer 0x130008000 (8 bytes)
1718851140.737314 sending message 112 to peer 0x130008000 (7 bytes)
1718851140.737321 sending message 112 to peer 0x130008000 (7 bytes)
1718851140.737328 sending message 112 to peer 0x130008000 (9 bytes)
1718851140.737336 sending message 112 to peer 0x130008000 (13 bytes)
1718851140.737343 sending message 112 to peer 0x130008000 (6 bytes)
1718851140.737350 sending message 112 to peer 0x130008000 (9 bytes)
1718851140.737357 sending message 112 to peer 0x130008000 (15 bytes)
1718851140.737364 sending message 112 to peer 0x130008000 (13 bytes)
1718851140.737372 sending message 112 to peer 0x130008000 (12 bytes)
1718851140.737379 sending message 112 to peer 0x130008000 (8 bytes)
1718851140.737387 sending message 112 to peer 0x130008000 (14 bytes)
1718851140.737394 sending message 112 to peer 0x130008000 (11 bytes)
1718851140.737401 sending message 112 to peer 0x130008000 (9 bytes)
1718851140.737408 sending message 112 to peer 0x130008000 (10 bytes)
1718851140.737416 sending message 112 to peer 0x130008000 (10 bytes)
1718851140.737423 sending message 112 to peer 0x130008000 (10 bytes)
1718851140.737446 sending message 112 to peer 0x130008000 (10 bytes)
1718851140.737452 sending message 112 to peer 0x130008000 (11 bytes)
1718851140.737457 sending message 112 to peer 0x130008000 (12 bytes)
1718851140.737462 sending message 112 to peer 0x130008000 (12 bytes)
1718851140.737467 sending message 112 to peer 0x130008000 (12 bytes)
1718851140.737472 sending message 112 to peer 0x130008000 (12 bytes)
1718851140.737477 sending message 112 to peer 0x130008000 (12 bytes)
1718851140.737482 sending message 112 to peer 0x130008000 (11 bytes)
1718851140.737487 sending message 112 to peer 0x130008000 (11 bytes)
1718851140.737492 sending message 112 to peer 0x130008000 (12 bytes)
1718851140.737496 sending message 112 to peer 0x130008000 (12 bytes)
1718851140.737501 sending message 112 to peer 0x130008000 (12 bytes)
1718851140.737506 sending message 112 to peer 0x130008000 (12 bytes)
1718851140.737511 sending message 112 to peer 0x130008000 (12 bytes)
1718851140.737516 sending message 112 to peer 0x130008000 (10 bytes)
1718851140.737521 sending message 112 to peer 0x130008000 (12 bytes)
1718851140.737526 sending message 112 to peer 0x130008000 (13 bytes)
1718851140.737531 sending message 112 to peer 0x130008000 (13 bytes)
1718851140.737535 sending message 112 to peer 0x130008000 (13 bytes)
1718851140.737540 sending message 112 to peer 0x130008000 (13 bytes)
1718851140.737545 sending message 112 to peer 0x130008000 (13 bytes)
1718851140.737550 sending message 112 to peer 0x130008000 (8 bytes)
1718851140.737555 sending message 112 to peer 0x130008000 (11 bytes)
1718851140.737560 sending message 112 to peer 0x130008000 (11 bytes)
1718851140.737565 sending message 112 to peer 0x130008000 (11 bytes)
1718851140.737570 sending message 112 to peer 0x130008000 (12 bytes)
1718851140.737575 sending message 112 to peer 0x130008000 (12 bytes)
1718851140.737579 sending message 112 to peer 0x130008000 (12 bytes)
1718851140.737584 sending message 112 to peer 0x130008000 (12 bytes)
1718851140.737589 sending message 112 to peer 0x130008000 (13 bytes)
1718851140.737594 sending message 112 to peer 0x130008000 (13 bytes)
1718851140.737599 sending message 112 to peer 0x130008000 (13 bytes)
1718851140.737604 sending message 112 to peer 0x130008000 (8 bytes)
1718851140.737609 sending message 112 to peer 0x130008000 (13 bytes)
1718851140.737614 sending message 112 to peer 0x130008000 (13 bytes)
1718851140.737618 sending message 112 to peer 0x130008000 (13 bytes)
1718851140.737623 sending message 112 to peer 0x130008000 (13 bytes)
1718851140.737628 sending message 112 to peer 0x130008000 (13 bytes)
1718851140.737633 sending message 112 to peer 0x130008000 (12 bytes)
1718851140.737638 sending message 112 to peer 0x130008000 (12 bytes)
1718851140.737643 sending message 112 to peer 0x130008000 (12 bytes)
1718851140.737648 sending message 112 to peer 0x130008000 (12 bytes)
1718851140.737652 sending message 112 to peer 0x130008000 (13 bytes)
1718851140.737657 sending message 112 to peer 0x130008000 (8 bytes)
1718851140.737662 sending message 112 to peer 0x130008000 (13 bytes)
1718851140.737667 sending message 112 to peer 0x130008000 (13 bytes)
1718851140.737672 sending message 112 to peer 0x130008000 (13 bytes)
1718851140.737677 sending message 112 to peer 0x130008000 (13 bytes)
1718851140.737682 sending message 112 to peer 0x130008000 (13 bytes)
1718851140.737687 sending message 112 to peer 0x130008000 (13 bytes)
1718851140.737691 sending message 112 to peer 0x130008000 (13 bytes)
1718851140.737696 sending message 112 to peer 0x130008000 (12 bytes)
1718851140.737701 sending message 112 to peer 0x130008000 (12 bytes)
1718851140.737706 sending message 112 to peer 0x130008000 (12 bytes)
1718851140.737711 sending message 112 to peer 0x130008000 (8 bytes)
1718851140.737716 sending message 112 to peer 0x130008000 (12 bytes)
1718851140.737721 sending message 112 to peer 0x130008000 (13 bytes)
1718851140.737726 sending message 112 to peer 0x130008000 (13 bytes)
1718851140.737730 sending message 112 to peer 0x130008000 (13 bytes)
1718851140.737735 sending message 112 to peer 0x130008000 (13 bytes)
1718851140.737752 sending message 112 to peer 0x130008000 (13 bytes)
1718851140.737757 sending message 112 to peer 0x130008000 (13 bytes)
1718851140.737762 sending message 112 to peer 0x130008000 (13 bytes)
1718851140.737767 sending message 112 to peer 0x130008000 (13 bytes)
1718851140.737772 sending message 112 to peer 0x130008000 (12 bytes)
1718851140.737777 sending message 112 to peer 0x130008000 (10 bytes)
1718851140.737782 sending message 112 to peer 0x130008000 (12 bytes)
1718851140.737787 sending message 112 to peer 0x130008000 (12 bytes)
1718851140.737792 sending message 112 to peer 0x130008000 (12 bytes)
1718851140.737796 sending message 112 to peer 0x130008000 (13 bytes)
1718851140.737801 sending message 112 to peer 0x130008000 (13 bytes)
1718851140.737806 sending message 112 to peer 0x130008000 (13 bytes)
1718851140.737811 sending message 112 to peer 0x130008000 (13 bytes)
1718851140.737816 sending message 112 to peer 0x130008000 (13 bytes)
1718851140.737821 sending message 112 to peer 0x130008000 (13 bytes)
1718851140.737826 sending message 112 to peer 0x130008000 (13 bytes)
1718851140.737830 sending message 112 to peer 0x130008000 (10 bytes)
1718851140.737835 sending message 112 to peer 0x130008000 (13 bytes)
1718851140.737840 sending message 112 to peer 0x130008000 (12 bytes)
1718851140.737845 sending message 112 to peer 0x130008000 (12 bytes)
1718851140.737850 sending message 112 to peer 0x130008000 (12 bytes)
1718851140.737855 sending message 112 to peer 0x130008000 (10 bytes)
1718851140.737860 sending message 112 to peer 0x130008000 (10 bytes)
1718851140.737864 sending message 112 to peer 0x130008000 (10 bytes)
1718851140.737869 sending message 112 to peer 0x130008000 (12 bytes)
1718851140.737874 sending message 112 to peer 0x130008000 (13 bytes)
1718851140.737879 sending message 112 to peer 0x130008000 (13 bytes)
1718851140.737884 sending message 112 to peer 0x130008000 (13 bytes)
1718851140.737889 sending message 112 to peer 0x130008000 (13 bytes)
1718851140.737894 sending message 112 to peer 0x130008000 (13 bytes)
1718851140.737898 sending message 112 to peer 0x130008000 (11 bytes)
1718851140.737903 sending message 112 to peer 0x130008000 (11 bytes)
1718851140.737908 sending message 112 to peer 0x130008000 (12 bytes)
1718851140.737913 sending message 112 to peer 0x130008000 (12 bytes)
1718851140.737918 sending message 112 to peer 0x130008000 (12 bytes)
1718851140.737923 sending message 112 to peer 0x130008000 (12 bytes)
1718851140.737927 sending message 112 to peer 0x130008000 (12 bytes)
1718851140.737932 sending message 112 to peer 0x130008000 (11 bytes)
1718851140.737937 sending message 112 to peer 0x130008000 (12 bytes)
1718851140.737942 sending message 112 to peer 0x130008000 (12 bytes)
1718851140.737947 sending message 112 to peer 0x130008000 (13 bytes)
1718851140.737952 sending message 112 to peer 0x130008000 (13 bytes)
1718851140.737957 sending message 112 to peer 0x130008000 (13 bytes)
1718851140.737961 sending message 112 to peer 0x130008000 (13 bytes)
1718851140.737966 sending message 112 to peer 0x130008000 (13 bytes)
1718851140.737971 sending message 112 to peer 0x130008000 (10 bytes)
1718851140.737976 sending message 112 to peer 0x130008000 (9 bytes)
1718851140.737981 sending message 112 to peer 0x130008000 (12 bytes)
1718851140.737986 sending message 112 to peer 0x130008000 (13 bytes)
1718851140.737991 sending message 112 to peer 0x130008000 (13 bytes)
1718851140.737996 sending message 112 to peer 0x130008000 (13 bytes)
1718851140.738000 sending message 112 to peer 0x130008000 (13 bytes)
1718851140.738005 sending message 112 to peer 0x130008000 (13 bytes)
1718851140.738010 sending message 112 to peer 0x130008000 (9 bytes)
1718851140.738015 sending message 112 to peer 0x130008000 (12 bytes)
1718851140.738020 sending message 112 to peer 0x130008000 (13 bytes)
1718851140.738025 sending message 112 to peer 0x130008000 (13 bytes)
1718851140.738029 sending message 112 to peer 0x130008000 (13 bytes)
1718851140.738034 sending message 112 to peer 0x130008000 (13 bytes)
1718851140.738047 sending message 112 to peer 0x130008000 (13 bytes)
1718851140.738052 sending message 112 to peer 0x130008000 (11 bytes)
1718851140.738057 sending message 112 to peer 0x130008000 (12 bytes)
1718851140.738062 sending message 112 to peer 0x130008000 (13 bytes)
1718851140.738067 sending message 112 to peer 0x130008000 (13 bytes)
1718851140.738072 sending message 112 to peer 0x130008000 (13 bytes)
1718851140.738077 sending message 112 to peer 0x130008000 (13 bytes)
1718851140.738082 sending message 112 to peer 0x130008000 (13 bytes)
1718851140.738087 sending message 112 to peer 0x130008000 (11 bytes)
1718851140.738092 sending message 112 to peer 0x130008000 (12 bytes)
1718851140.738097 sending message 112 to peer 0x130008000 (12 bytes)
1718851140.738101 sending message 112 to peer 0x130008000 (12 bytes)
1718851140.738106 sending message 112 to peer 0x130008000 (12 bytes)
1718851140.738111 sending message 112 to peer 0x130008000 (12 bytes)
1718851140.738116 sending message 112 to peer 0x130008000 (21 bytes)
1718851140.738121 sending message 112 to peer 0x130008000 (12 bytes)
1718851140.738126 sending message 112 to peer 0x130008000 (9 bytes)
1718851140.738131 sending message 112 to peer 0x130008000 (6 bytes)
1718851140.738136 sending message 112 to peer 0x130008000 (13 bytes)
1718851140.738141 sending message 112 to peer 0x130008000 (8 bytes)
1718851140.738146 sending message 112 to peer 0x130008000 (15 bytes)
1718851140.738150 sending message 112 to peer 0x130008000 (13 bytes)
1718851140.738155 sending message 112 to peer 0x130008000 (9 bytes)
1718851140.738160 sending message 112 to peer 0x130008000 (70 bytes)
1718851140.738165 sending message 112 to peer 0x130008000 (69 bytes)
1718851140.738170 sending message 112 to peer 0x130008000 (10 bytes)
1718851140.738175 sending message 112 to peer 0x130008000 (10 bytes)
1718851140.738180 sending message 112 to peer 0x130008000 (8 bytes)
1718851140.738185 sending message 112 to peer 0x130008000 (15 bytes)
1718851140.738190 sending message 112 to peer 0x130008000 (13 bytes)
1718851140.738194 sending message 112 to peer 0x130008000 (10 bytes)
1718851140.738199 sending message 112 to peer 0x130008000 (10 bytes)
1718851140.738204 sending message 112 to peer 0x130008000 (17 bytes)
1718851140.738209 sending message 112 to peer 0x130008000 (10 bytes)
1718851140.738214 sending message 112 to peer 0x130008000 (13 bytes)
1718851140.738219 sending message 112 to peer 0x130008000 (9 bytes)
1718851140.738224 sending message 112 to peer 0x130008000 (5 bytes)
1718851140.738229 sending message 112 to peer 0x130008000 (15 bytes)
1718851140.738233 sending message 112 to peer 0x130008000 (5 bytes)
1718851140.738241 sending message 104 to peer 0x130008000 (0 bytes)
1718851140.738248 sending message 110 to peer 0x130008000 (0 bytes)
1718851140.738253 sending message 107 to peer 0x130008000 (4 bytes)
1718851140.738258 sending message 105 to peer 0x130008000 (77 bytes)
1718851140.738263 sending message 105 to peer 0x130008000 (41 bytes)
1718851140.738268 sending message 105 to peer 0x130008000 (24 bytes)
1718851140.738273 sending message 105 to peer 0x130008000 (70 bytes)
1718851140.738278 sending message 105 to peer 0x130008000 (96 bytes)
1718851140.738283 sending message 105 to peer 0x130008000 (19 bytes)
1718851140.738288 sending message 105 to peer 0x130008000 (32 bytes)
1718851140.738293 sending message 105 to peer 0x130008000 (12 bytes)
1718851140.738297 sending message 105 to peer 0x130008000 (66 bytes)
1718851140.738302 sending message 105 to peer 0x130008000 (20 bytes)
1718851140.738307 sending message 105 to peer 0x130008000 (24 bytes)
1718851140.738312 sending message 105 to peer 0x130008000 (29 bytes)
1718851140.738317 sending message 105 to peer 0x130008000 (43 bytes)
1718851140.738322 sending message 105 to peer 0x130008000 (35 bytes)
1718851140.738327 sending message 105 to peer 0x130008000 (109 bytes)
1718851140.738332 sending message 105 to peer 0x130008000 (87 bytes)
1718851140.738337 sending message 105 to peer 0x130008000 (38 bytes)
1718851140.738355 sending message 105 to peer 0x130008000 (85 bytes)
1718851140.738360 sending message 105 to peer 0x130008000 (18 bytes)
1718851140.738365 sending message 105 to peer 0x130008000 (31 bytes)
1718851140.738370 sending message 105 to peer 0x130008000 (25 bytes)
1718851140.738375 sending message 105 to peer 0x130008000 (21 bytes)
1718851140.738380 sending message 105 to peer 0x130008000 (15 bytes)
1718851140.738385 sending message 105 to peer 0x130008000 (15 bytes)
1718851140.738389 sending message 105 to peer 0x130008000 (14 bytes)
1718851140.738394 sending message 105 to peer 0x130008000 (83 bytes)
1718851140.738399 sending message 105 to peer 0x130008000 (26 bytes)
1718851140.738404 sending message 105 to peer 0x130008000 (44 bytes)
1718851140.738409 sending message 105 to peer 0x130008000 (57 bytes)
1718851140.738414 sending message 105 to peer 0x130008000 (19 bytes)
1718851140.738419 sending message 105 to peer 0x130008000 (8 bytes)
1718851140.738424 sending message 105 to peer 0x130008000 (22 bytes)
1718851140.738429 sending message 105 to peer 0x130008000 (32 bytes)
1718851140.738434 sending message 105 to peer 0x130008000 (20 bytes)
1718851140.738439 sending message 105 to peer 0x130008000 (38 bytes)
1718851140.738450 sending message 105 to peer 0x130008000 (19 bytes)
1718851140.738456 sending message 105 to peer 0x130008000 (45 bytes)
1718851140.738461 sending message 105 to peer 0x130008000 (13 bytes)
1718851140.738466 sending message 105 to peer 0x130008000 (20 bytes)
1718851140.738471 sending message 105 to peer 0x130008000 (12 bytes)
1718851140.738476 sending message 105 to peer 0x130008000 (865 bytes)
1718851140.738481 sending message 105 to peer 0x130008000 (26 bytes)
1718851140.738486 sending message 105 to peer 0x130008000 (54 bytes)
1718851140.738491 sending message 105 to peer 0x130008000 (51 bytes)
1718851140.738496 sending message 105 to peer 0x130008000 (27 bytes)
1718851140.738501 sending message 105 to peer 0x130008000 (19 bytes)
1718851140.738506 sending message 105 to peer 0x130008000 (18 bytes)
1718851140.738511 sending message 106 to peer 0x130008000 (0 bytes)
1718851140.738613 sending message 200 to peer 0x130008000 (4 bytes)
1718851140.738620 client loop enter
1718851140.738992 peer 0x130008000 message 303
1718851140.739001 open write file 2 -
1718851140.739017 sending message 305 to peer 0x130008000 (8 bytes)
1718851140.739034 write check file 2
1718851140.739071 peer 0x130008000 message 304
1718851140.739077 write 58 to file 2
1718851140.739083 peer 0x130008000 message 203
1718851140.739089 file 2 58 bytes left
1718851140.739109 write check file 2
1718851140.739114 client loop exit
